<?xml version="1.0" encoding="UTF-8"?>
<!-- Generated by org.testng.reporters.JUnitXMLReporter -->
<testsuite hostname="PAVANKUMAR" failures="0" tests="2" name="Test-Ruuner-Chrome" time="25.165" errors="0" timestamp="20 May 2023 04:08:50 GMT">
  <testcase classname="com.apcfmsTests.OrangeHrmTest" name="loginLogoutTest" time="4.85"/>
  <testcase classname="com.apcfmsTests.OrangeHrmTest" name="newTest" time="4.831"/>
</testsuite> <!-- Test-Ruuner-Chrome -->
