<?xml version="1.0" encoding="UTF-8"?>
<!-- Generated by org.testng.reporters.JUnitXMLReporter -->
<testsuite hostname="PAVANKUMAR" failures="0" tests="2" name="Test-Ruuner-FireFox" time="24.306" errors="0" timestamp="20 May 2023 04:08:49 GMT">
  <testcase classname="com.apcfmsTests.OrangeHrmTest" name="loginLogoutTest" time="4.995"/>
  <testcase classname="com.apcfmsTests.OrangeHrmTest" name="newTest" time="4.48"/>
</testsuite> <!-- Test-Ruuner-FireFox -->
