<?xml version="1.0" encoding="UTF-8"?>
<!-- Generated by org.testng.reporters.JUnitReportReporter -->
<testsuite hostname="PAVANKUMAR" failures="0" tests="2" name="com.apcfmsTests.OrangeHrmTest" time="49.112" errors="0" timestamp="22 May 2023 05:41:55 GMT">
  <testcase classname="com.apcfmsTests.OrangeHrmTest" name="loginLogoutTest" time="26.531"/>
  <testcase classname="com.apcfmsTests.OrangeHrmTest" name="newTest" time="22.581"/>
</testsuite> <!-- com.apcfmsTests.OrangeHrmTest -->
