<?xml version="1.0" encoding="UTF-8"?>
<!-- Generated by org.testng.reporters.JUnitReportReporter -->
<testsuite hostname="PAVANKUMAR" failures="0" tests="3" name="com.apcfms.dataproviderdummy.DataProvider1" time="0.010" errors="0" timestamp="19 May 2023 12:04:57 GMT">
  <testcase classname="com.apcfms.dataproviderdummy.DataProvider1" name="test1" time="0.001"/>
  <testcase classname="com.apcfms.dataproviderdummy.DataProvider1" name="test1" time="0.001"/>
  <testcase classname="com.apcfms.dataproviderdummy.DataProvider1" name="test1" time="0.008"/>
</testsuite> <!-- com.apcfms.dataproviderdummy.DataProvider1 -->
