<?xml version="1.0" encoding="UTF-8"?>
<!-- Generated by org.testng.reporters.JUnitReportReporter -->
<testsuite hostname="PAVANKUMAR" failures="0" tests="3" name="com.apcfms.dataproviderdummy.DataProviderWithExcel" time="0.009" errors="0" timestamp="15 May 2023 09:41:17 GMT">
  <testcase classname="com.apcfms.dataproviderdummy.DataProviderWithExcel" name="test2" time="0.001"/>
  <testcase classname="com.apcfms.dataproviderdummy.DataProviderWithExcel" name="test2" time="0.007"/>
  <testcase classname="com.apcfms.dataproviderdummy.DataProviderWithExcel" name="test2" time="0.001"/>
</testsuite> <!-- com.apcfms.dataproviderdummy.DataProviderWithExcel -->
