<?xml version="1.0" encoding="UTF-8"?>
<!-- Generated by org.testng.reporters.JUnitReportReporter -->
<testsuite hostname="PAVANKUMAR" failures="0" tests="2" name="com.apcfss.tests.PDChallanTest" time="8.774" errors="0" timestamp="10 Jul 2023 10:35:57 GMT">
  <testcase classname="com.apcfss.tests.PDChallanTest" name="verifyModuleLogoAndTitle" time="4.316"/>
  <testcase classname="com.apcfss.tests.PDChallanTest" name="ClickOnDepartmentInputBox" time="4.458"/>
</testsuite> <!-- com.apcfss.tests.PDChallanTest -->
