<?xml version="1.0" encoding="UTF-8"?>
<!-- Generated by org.testng.reporters.JUnitReportReporter -->
<testsuite hostname="PAVANKUMAR" failures="0" tests="1" name="com.apcfss.tests.NidhiClassIVTest" time="163.510" errors="0" timestamp="2 Dec 2024 04:03:22 GMT">
  <testcase classname="com.apcfss.tests.NidhiClassIVTest" name="classIVtest" time="163.510"/>
</testsuite> <!-- com.apcfss.tests.NidhiClassIVTest -->
