<?xml version="1.0" encoding="UTF-8"?>
<!-- Generated by org.testng.reporters.JUnitReportReporter -->
<testsuite hostname="PAVANKUMAR" failures="0" tests="2" name="com.apcfss.tests.DockerTest" time="25.119" errors="0" timestamp="28 May 2023 07:04:26 GMT">
  <testcase classname="com.apcfss.tests.DockerTest" name="dockerTest2" time="7.528"/>
  <testcase classname="com.apcfss.tests.DockerTest" name="dockerTest" time="17.591"/>
</testsuite> <!-- com.apcfss.tests.DockerTest -->
