<?xml version="1.0" encoding="UTF-8"?>
<!-- Generated by org.testng.reporters.JUnitReportReporter -->
<testsuite hostname="PAVANKUMAR" failures="0" tests="1" name="com.apcfmsTests.AmazonHamburgTest" time="7.838" errors="0" timestamp="21 May 2023 09:10:10 GMT">
  <testcase classname="com.apcfmsTests.AmazonHamburgTest" name="amazonTest" time="7.838"/>
</testsuite> <!-- com.apcfmsTests.AmazonHamburgTest -->
