<?xml version="1.0" encoding="UTF-8"?>
<!-- Generated by org.testng.reporters.JUnitReportReporter -->
<testsuite hostname="PAVANKUMAR" failures="0" tests="1" name="com.apcfms.tests.Demo" time="1.069" errors="0" timestamp="22 May 2023 12:08:12 GMT">
  <testcase classname="com.apcfms.tests.Demo" name="attachLogoTest" time="1.069"/>
</testsuite> <!-- com.apcfms.tests.Demo -->
