<?xml version="1.0" encoding="UTF-8"?>
<!-- Generated by org.testng.reporters.JUnitReportReporter -->
<testsuite hostname="PAVANKUMAR" failures="0" tests="1" name="com.apcfss.tests.AmazonHamburgTest" time="10.909" errors="0" timestamp="18 Jul 2023 06:23:21 GMT">
  <testcase classname="com.apcfss.tests.AmazonHamburgTest" name="amazonTest" time="10.909"/>
</testsuite> <!-- com.apcfss.tests.AmazonHamburgTest -->
