<?xml version="1.0" encoding="UTF-8"?>
<!-- Generated by org.testng.reporters.JUnitReportReporter -->
<testsuite hostname="PAVANKUMAR" failures="0" tests="15" name="com.apcfss.tests.PDChallan" time="151.292" errors="0" timestamp="1 Jun 2023 12:36:33 GMT">
  <testcase classname="com.apcfss.tests.PDChallan" name="EnterDataAndClickProceedClickSubmitWithEpayClickSbi" time="11.469"/>
  <testcase classname="com.apcfss.tests.PDChallan" name="verifyCheck" time="12.718"/>
  <testcase classname="com.apcfss.tests.PDChallan" name="EnterDataAndClickProceedClickPreviousWithEpay" time="7.512"/>
  <testcase classname="com.apcfss.tests.PDChallan" name="EnterDataAndClickProceedClickSubmitWithManualModeCheckAknowledgePageDetails" time="35.285"/>
  <testcase classname="com.apcfss.tests.PDChallan" name="EnterRequiredDataAndClickOnProceed" time="3.814"/>
  <testcase classname="com.apcfss.tests.PDChallan" name="ClickOnDepartmentInputBox" time="3.219"/>
  <testcase classname="com.apcfss.tests.PDChallan" name="EnterDataAndClickProceedClickPreviousWithRtgs" time="7.368"/>
  <testcase classname="com.apcfss.tests.PDChallan" name="EnterDataAndClickProceedClickSubmitWithEpay" time="7.182"/>
  <testcase classname="com.apcfss.tests.PDChallan" name="verifyModuleLogoAndTitle" time="1.593"/>
  <testcase classname="com.apcfss.tests.PDChallan" name="EnterDataAndClickProceedClickSubmitWithRtgs" time="7.406"/>
  <testcase classname="com.apcfss.tests.PDChallan" name="EnterDataAndClickProceedClickPreviousWithManualMode" time="7.283"/>
  <testcase classname="com.apcfss.tests.PDChallan" name="EnterDataAndClickProceedClickSubmitWithManualMode" time="8.091"/>
  <testcase classname="com.apcfss.tests.PDChallan" name="EnterDataAndClickProceedClickSubmitWithManualModeCheckAknowledgePage" time="28.180"/>
  <testcase classname="com.apcfss.tests.PDChallan" name="ClickOnServiceInputBox" time="2.884"/>
  <testcase classname="com.apcfss.tests.PDChallan" name="EnterDataAndClickProceedClickSubmitWithRtgsStatus" time="7.288"/>
</testsuite> <!-- com.apcfss.tests.PDChallan -->
