<?xml version="1.0" encoding="UTF-8"?>
<!-- Generated by org.testng.reporters.JUnitReportReporter -->
<testsuite hostname="PAVANKUMAR" failures="0" tests="1" name="com.apcfmsTests.HomepageTest" time="60.906" errors="0" timestamp="11 May 2023 09:28:16 GMT">
  <testcase classname="com.apcfmsTests.HomepageTest" name="test3" time="60.906"/>
</testsuite> <!-- com.apcfmsTests.HomepageTest -->
